#
# There is insufficient memory for the Java Runtime Environment to continue.
# Native memory allocation (malloc) failed to allocate 218256 bytes for Chunk::new
# Possible reasons:
#   The system is out of physical RAM or swap space
#   The process is running with CompressedOops enabled, and the Java Heap may be blocking the growth of the native heap
# Possible solutions:
#   Reduce memory load on the system
#   Increase physical memory or swap space
#   Check if swap backing store is full
#   Decrease Java heap size (-Xmx/-Xms)
#   Decrease number of Java threads
#   Decrease Java thread stack sizes (-Xss)
#   Set larger code cache with -XX:ReservedCodeCacheSize=
#   JVM is running with Unscaled Compressed Oops mode in which the Java heap is
#     placed in the first 4GB address space. The Java Heap base address is the
#     maximum limit for the native heap growth. Please use -XX:HeapBaseMinAddress
#     to set the Java Heap base and to place the Java Heap above 4GB virtual address.
# This output file may be truncated or incomplete.
#
#  Out of Memory Error (allocation.cpp:389), pid=19028, tid=0x0000000000000608
#
# JRE version: Java(TM) SE Runtime Environment (8.0_211-b12) (build 1.8.0_211-b12)
# Java VM: Java HotSpot(TM) 64-Bit Server VM (25.211-b12 mixed mode windows-amd64 compressed oops)
# Failed to write core dump. Minidumps are not enabled by default on client versions of Windows
#

---------------  T H R E A D  ---------------

Current thread (0x0000000016e17000):  JavaThread "C2 CompilerThread1" daemon [_thread_in_native, id=1544, stack(0x00000000170c0000,0x00000000171c0000)]

Stack: [0x00000000170c0000,0x00000000171c0000]
[error occurred during error reporting (printing stack bounds), id 0xc0000005]

Native frames: (J=compiled Java code, j=interpreted, Vv=VM code, C=native code)


Current CompileTask:
C2:  20863 3451       4       org.springframework.beans.factory.support.DefaultListableBeanFactory::requiresEagerInitForType (26 bytes)


---------------  P R O C E S S  ---------------

Java Threads: ( => current thread )
  0x0000000016d81800 JavaThread "container-0" [_thread_new, id=18588, stack(0x0000000000000000,0x0000000000000000)]
  0x0000000016d81000 JavaThread "Catalina-utility-2" [_thread_new, id=24344, stack(0x0000000000000000,0x0000000000000000)]
  0x0000000016d7f800 JavaThread "Catalina-utility-1" [_thread_new, id=26148, stack(0x0000000000000000,0x0000000000000000)]
  0x0000000016e82000 JavaThread "Service Thread" daemon [_thread_blocked, id=7244, stack(0x00000000172c0000,0x00000000173c0000)]
  0x0000000016e5f000 JavaThread "C1 CompilerThread2" daemon [_thread_blocked, id=19880, stack(0x00000000171c0000,0x00000000172c0000)]
=>0x0000000016e17000 JavaThread "C2 CompilerThread1" daemon [_thread_in_native, id=1544, stack(0x00000000170c0000,0x00000000171c0000)]
  0x0000000016e0c800 JavaThread "C2 CompilerThread0" daemon [_thread_in_native, id=15408, stack(0x0000000016fc0000,0x00000000170c0000)]
  0x0000000016dae800 JavaThread "Monitor Ctrl-Break" daemon [_thread_in_native, id=26380, stack(0x0000000016ec0000,0x0000000016fc0000)]
  0x000000001547e800 JavaThread "Attach Listener" daemon [_thread_blocked, id=14540, stack(0x00000000169c0000,0x0000000016ac0000)]
  0x000000001547d000 JavaThread "Signal Dispatcher" daemon [_thread_blocked, id=60, stack(0x00000000168c0000,0x00000000169c0000)]
  0x0000000002e89800 JavaThread "Finalizer" daemon [_thread_blocked, id=14712, stack(0x00000000166d0000,0x00000000167d0000)]
  0x0000000002e86000 JavaThread "Reference Handler" daemon [_thread_blocked, id=4032, stack(0x00000000165d0000,0x00000000166d0000)]
  0x0000000002d97000 JavaThread "main" [_thread_in_native, id=13696, stack(0x0000000002b30000,0x0000000002c30000)]

Other Threads:
  0x0000000015437800 VMThread [stack: 0x00000000164d0000,0x00000000165d0000] [id=14128]
  0x0000000017413000 WatcherThread [stack: 0x0000000017bc0000,0x0000000017cc0000] [id=26056]

VM state:not at safepoint (normal execution)

VM Mutex/Monitor currently owned by a thread: None

heap address: 0x00000000c3200000, size: 974 MB, Compressed Oops mode: 32-bit
Narrow klass base: 0x0000000000000000, Narrow klass shift: 3
Compressed class space size: 1073741824 Address: 0x0000000100000000

Heap:
 PSYoungGen      total 90112K, used 23195K [0x00000000ebb80000, 0x00000000f1e00000, 0x0000000100000000)
  eden space 82432K, 20% used [0x00000000ebb80000,0x00000000ecbfbcf0,0x00000000f0c00000)
  from space 7680K, 82% used [0x00000000f1680000,0x00000000f1caafa0,0x00000000f1e00000)
  to   space 9216K, 0% used [0x00000000f0c00000,0x00000000f0c00000,0x00000000f1500000)
 ParOldGen       total 31744K, used 13253K [0x00000000c3200000, 0x00000000c5100000, 0x00000000ebb80000)
  object space 31744K, 41% used [0x00000000c3200000,0x00000000c3ef1710,0x00000000c5100000)
 Metaspace       used 33427K, capacity 34956K, committed 35072K, reserved 1079296K
  class space    used 4289K, capacity 4578K, committed 4608K, reserved 1048576K

Card table byte_map: [0x0000000012330000,0x0000000012520000] byte_map_base: 0x0000000011d17000

Marking Bits: (ParMarkBitMap*) 0x0000000057b45ce0
 Begin Bits: [0x0000000012a70000, 0x00000000139a8000)
 End Bits:   [0x00000000139a8000, 0x00000000148e0000)

Polling page: 0x00000000012b0000

CodeCache: size=245760Kb used=11660Kb max_used=11660Kb free=234099Kb
 bounds [0x0000000002f70000, 0x0000000003ae0000, 0x0000000011f70000]
 total_blobs=3592 nmethods=3174 adapters=330
 compilation: enabled

Compilation events (10 events):
Event: 20.796 Thread 0x0000000016e5f000 3450       3       javax.management.ObjectName::getDomain (13 bytes)
Event: 20.796 Thread 0x0000000016e5f000 nmethod 3450 0x0000000003ad7850 code [0x0000000003ad79c0, 0x0000000003ad7be8]
Event: 20.797 Thread 0x0000000016e17000 nmethod 3447 0x0000000003ad7c90 code [0x0000000003ad7e80, 0x0000000003ad9430]
Event: 20.830 Thread 0x0000000016e17000 3451       4       org.springframework.beans.factory.support.DefaultListableBeanFactory::requiresEagerInitForType (26 bytes)
Event: 20.840 Thread 0x0000000016e5f000 3452       3       org.springframework.core.MethodParameter::getParameterType (59 bytes)
Event: 20.841 Thread 0x0000000016e5f000 nmethod 3452 0x0000000003ad2890 code [0x0000000003ad2a20, 0x0000000003ad3128]
Event: 20.854 Thread 0x0000000016e5f000 3454   !   3       com.sun.proxy.$Proxy35::annotationType (29 bytes)
Event: 20.855 Thread 0x0000000016e5f000 nmethod 3454 0x0000000003ad2110 code [0x0000000003ad22a0, 0x0000000003ad26d8]
Event: 20.856 Thread 0x0000000016e5f000 3455       3       org.springframework.core.ResolvableType::getNested (121 bytes)
Event: 20.859 Thread 0x0000000016e5f000 nmethod 3455 0x0000000003ada390 code [0x0000000003ada600, 0x0000000003adb868]

GC Heap History (10 events):
Event: 8.592 GC heap before
{Heap before GC invocations=7 (full 0):
 PSYoungGen      total 68096K, used 62804K [0x00000000ebb80000, 0x00000000f0680000, 0x0000000100000000)
  eden space 62464K, 91% used [0x00000000ebb80000,0x00000000ef35cc58,0x00000000ef880000)
  from space 5632K, 99% used [0x00000000eff00000,0x00000000f0478688,0x00000000f0480000)
  to   space 6656K, 0% used [0x00000000ef880000,0x00000000ef880000,0x00000000eff00000)
 ParOldGen       total 42496K, used 6240K [0x00000000c3200000, 0x00000000c5b80000, 0x00000000ebb80000)
  object space 42496K, 14% used [0x00000000c3200000,0x00000000c3818088,0x00000000c5b80000)
 Metaspace       used 20683K, capacity 21186K, committed 21248K, reserved 1067008K
  class space    used 2645K, capacity 2781K, committed 2816K, reserved 1048576K
Event: 8.613 GC heap after
Heap after GC invocations=7 (full 0):
 PSYoungGen      total 69120K, used 4914K [0x00000000ebb80000, 0x00000000f0680000, 0x0000000100000000)
  eden space 62464K, 0% used [0x00000000ebb80000,0x00000000ebb80000,0x00000000ef880000)
  from space 6656K, 73% used [0x00000000ef880000,0x00000000efd4c970,0x00000000eff00000)
  to   space 5632K, 0% used [0x00000000eff00000,0x00000000eff00000,0x00000000f0480000)
 ParOldGen       total 42496K, used 7558K [0x00000000c3200000, 0x00000000c5b80000, 0x00000000ebb80000)
  object space 42496K, 17% used [0x00000000c3200000,0x00000000c3961a88,0x00000000c5b80000)
 Metaspace       used 20683K, capacity 21186K, committed 21248K, reserved 1067008K
  class space    used 2645K, capacity 2781K, committed 2816K, reserved 1048576K
}
Event: 8.614 GC heap before
{Heap before GC invocations=8 (full 1):
 PSYoungGen      total 69120K, used 4914K [0x00000000ebb80000, 0x00000000f0680000, 0x0000000100000000)
  eden space 62464K, 0% used [0x00000000ebb80000,0x00000000ebb80000,0x00000000ef880000)
  from space 6656K, 73% used [0x00000000ef880000,0x00000000efd4c970,0x00000000eff00000)
  to   space 5632K, 0% used [0x00000000eff00000,0x00000000eff00000,0x00000000f0480000)
 ParOldGen       total 42496K, used 7558K [0x00000000c3200000, 0x00000000c5b80000, 0x00000000ebb80000)
  object space 42496K, 17% used [0x00000000c3200000,0x00000000c3961a88,0x00000000c5b80000)
 Metaspace       used 20683K, capacity 21186K, committed 21248K, reserved 1067008K
  class space    used 2645K, capacity 2781K, committed 2816K, reserved 1048576K
Event: 8.709 GC heap after
Heap after GC invocations=8 (full 1):
 PSYoungGen      total 69120K, used 0K [0x00000000ebb80000, 0x00000000f0680000, 0x0000000100000000)
  eden space 62464K, 0% used [0x00000000ebb80000,0x00000000ebb80000,0x00000000ef880000)
  from space 6656K, 0% used [0x00000000ef880000,0x00000000ef880000,0x00000000eff00000)
  to   space 5632K, 0% used [0x00000000eff00000,0x00000000eff00000,0x00000000f0480000)
 ParOldGen       total 31744K, used 7000K [0x00000000c3200000, 0x00000000c5100000, 0x00000000ebb80000)
  object space 31744K, 22% used [0x00000000c3200000,0x00000000c38d6360,0x00000000c5100000)
 Metaspace       used 20683K, capacity 21186K, committed 21248K, reserved 1067008K
  class space    used 2645K, capacity 2781K, committed 2816K, reserved 1048576K
}
Event: 11.639 GC heap before
{Heap before GC invocations=9 (full 1):
 PSYoungGen      total 69120K, used 62464K [0x00000000ebb80000, 0x00000000f0680000, 0x0000000100000000)
  eden space 62464K, 100% used [0x00000000ebb80000,0x00000000ef880000,0x00000000ef880000)
  from space 6656K, 0% used [0x00000000ef880000,0x00000000ef880000,0x00000000eff00000)
  to   space 5632K, 0% used [0x00000000eff00000,0x00000000eff00000,0x00000000f0480000)
 ParOldGen       total 31744K, used 7000K [0x00000000c3200000, 0x00000000c5100000, 0x00000000ebb80000)
  object space 31744K, 22% used [0x00000000c3200000,0x00000000c38d6360,0x00000000c5100000)
 Metaspace       used 25485K, capacity 26330K, committed 26624K, reserved 1073152K
  class space    used 3251K, capacity 3457K, committed 3584K, reserved 1048576K
Event: 11.656 GC heap after
Heap after GC invocations=9 (full 1):
 PSYoungGen      total 68096K, used 5613K [0x00000000ebb80000, 0x00000000f0680000, 0x0000000100000000)
  eden space 62464K, 0% used [0x00000000ebb80000,0x00000000ebb80000,0x00000000ef880000)
  from space 5632K, 99% used [0x00000000eff00000,0x00000000f047b708,0x00000000f0480000)
  to   space 6656K, 0% used [0x00000000ef880000,0x00000000ef880000,0x00000000eff00000)
 ParOldGen       total 31744K, used 7829K [0x00000000c3200000, 0x00000000c5100000, 0x00000000ebb80000)
  object space 31744K, 24% used [0x00000000c3200000,0x00000000c39a5660,0x00000000c5100000)
 Metaspace       used 25485K, capacity 26330K, committed 26624K, reserved 1073152K
  class space    used 3251K, capacity 3457K, committed 3584K, reserved 1048576K
}
Event: 15.454 GC heap before
{Heap before GC invocations=10 (full 1):
 PSYoungGen      total 68096K, used 68077K [0x00000000ebb80000, 0x00000000f0680000, 0x0000000100000000)
  eden space 62464K, 100% used [0x00000000ebb80000,0x00000000ef880000,0x00000000ef880000)
  from space 5632K, 99% used [0x00000000eff00000,0x00000000f047b708,0x00000000f0480000)
  to   space 6656K, 0% used [0x00000000ef880000,0x00000000ef880000,0x00000000eff00000)
 ParOldGen       total 31744K, used 7829K [0x00000000c3200000, 0x00000000c5100000, 0x00000000ebb80000)
  object space 31744K, 24% used [0x00000000c3200000,0x00000000c39a5660,0x00000000c5100000)
 Metaspace       used 29778K, capacity 30918K, committed 31232K, reserved 1077248K
  class space    used 3825K, capacity 4071K, committed 4096K, reserved 1048576K
Event: 15.486 GC heap after
Heap after GC invocations=10 (full 1):
 PSYoungGen      total 69120K, used 6630K [0x00000000ebb80000, 0x00000000f1f80000, 0x0000000100000000)
  eden space 62464K, 0% used [0x00000000ebb80000,0x00000000ebb80000,0x00000000ef880000)
  from space 6656K, 99% used [0x00000000ef880000,0x00000000efef9b88,0x00000000eff00000)
  to   space 9216K, 0% used [0x00000000f1680000,0x00000000f1680000,0x00000000f1f80000)
 ParOldGen       total 31744K, used 10077K [0x00000000c3200000, 0x00000000c5100000, 0x00000000ebb80000)
  object space 31744K, 31% used [0x00000000c3200000,0x00000000c3bd76f8,0x00000000c5100000)
 Metaspace       used 29778K, capacity 30918K, committed 31232K, reserved 1077248K
  class space    used 3825K, capacity 4071K, committed 4096K, reserved 1048576K
}
Event: 19.841 GC heap before
{Heap before GC invocations=11 (full 1):
 PSYoungGen      total 69120K, used 69094K [0x00000000ebb80000, 0x00000000f1f80000, 0x0000000100000000)
  eden space 62464K, 100% used [0x00000000ebb80000,0x00000000ef880000,0x00000000ef880000)
  from space 6656K, 99% used [0x00000000ef880000,0x00000000efef9b88,0x00000000eff00000)
  to   space 9216K, 0% used [0x00000000f1680000,0x00000000f1680000,0x00000000f1f80000)
 ParOldGen       total 31744K, used 10077K [0x00000000c3200000, 0x00000000c5100000, 0x00000000ebb80000)
  object space 31744K, 31% used [0x00000000c3200000,0x00000000c3bd76f8,0x00000000c5100000)
 Metaspace       used 32545K, capacity 34052K, committed 34176K, reserved 1079296K
  class space    used 4170K, capacity 4460K, committed 4480K, reserved 1048576K
Event: 19.863 GC heap after
Heap after GC invocations=11 (full 1):
 PSYoungGen      total 90112K, used 6315K [0x00000000ebb80000, 0x00000000f1e00000, 0x0000000100000000)
  eden space 82432K, 0% used [0x00000000ebb80000,0x00000000ebb80000,0x00000000f0c00000)
  from space 7680K, 82% used [0x00000000f1680000,0x00000000f1caafa0,0x00000000f1e00000)
  to   space 9216K, 0% used [0x00000000f0c00000,0x00000000f0c00000,0x00000000f1500000)
 ParOldGen       total 31744K, used 13253K [0x00000000c3200000, 0x00000000c5100000, 0x00000000ebb80000)
  object space 31744K, 41% used [0x00000000c3200000,0x00000000c3ef1710,0x00000000c5100000)
 Metaspace       used 32545K, capacity 34052K, committed 34176K, reserved 1079296K
  class space    used 4170K, capacity 4460K, committed 4480K, reserved 1048576K
}

Deoptimization events (10 events):
Event: 16.079 Thread 0x0000000002d97000 Uncommon trap: reason=class_check action=maybe_recompile pc=0x0000000003852954 method=java.util.AbstractList$Itr.hasNext()Z @ 8
Event: 16.080 Thread 0x0000000002d97000 Uncommon trap: reason=class_check action=maybe_recompile pc=0x0000000003222d04 method=java.util.AbstractList$Itr.next()Ljava/lang/Object; @ 14
Event: 18.207 Thread 0x0000000002d97000 Uncommon trap: reason=class_check action=maybe_recompile pc=0x00000000030936f4 method=java.util.zip.InflaterInputStream.read([BII)I @ 100
Event: 18.207 Thread 0x0000000002d97000 Uncommon trap: reason=class_check action=maybe_recompile pc=0x00000000030936f4 method=java.util.zip.InflaterInputStream.read([BII)I @ 100
Event: 18.207 Thread 0x0000000002d97000 Uncommon trap: reason=class_check action=maybe_recompile pc=0x00000000030936f4 method=java.util.zip.InflaterInputStream.read([BII)I @ 100
Event: 18.207 Thread 0x0000000002d97000 Uncommon trap: reason=class_check action=maybe_recompile pc=0x00000000030936f4 method=java.util.zip.InflaterInputStream.read([BII)I @ 100
Event: 20.374 Thread 0x0000000002d97000 Uncommon trap: reason=unstable_if action=reinterpret pc=0x00000000037acc2c method=org.springframework.boot.context.properties.source.ConfigurationPropertyName$Elements.getLength(I)I @ 13
Event: 20.375 Thread 0x0000000002d97000 Uncommon trap: reason=unstable_if action=reinterpret pc=0x0000000003a09770 method=org.springframework.boot.context.properties.source.ConfigurationPropertyName$Elements.charAt(II)C @ 13
Event: 20.406 Thread 0x0000000002d97000 Uncommon trap: reason=null_check action=make_not_entrant pc=0x00000000039f812c method=org.springframework.util.ClassUtils.isAssignable(Ljava/lang/Class;Ljava/lang/Class;)Z @ 14
Event: 20.406 Thread 0x0000000002d97000 Uncommon trap: reason=bimorphic action=maybe_recompile pc=0x00000000038144e8 method=java.util.stream.ReferencePipeline$2$1.accept(Ljava/lang/Object;)V @ 21

Classes redefined (0 events):
No events

Internal exceptions (10 events):
Event: 14.830 Thread 0x0000000002d97000 Exception <a 'java/lang/ClassNotFoundException': org/springframework/beans/factory/BeanFactoryAwareCustomizer> (0x00000000eed2e498) thrown at [C:\re\workspace\8-2-build-windows-amd64-cygwin\jdk8u211\12973\hotspot\src\share\vm\classfile\systemDictionary.cp
Event: 14.831 Thread 0x0000000002d97000 Exception <a 'java/lang/ClassNotFoundException': org/springframework/beans/factory/AwareCustomizer> (0x00000000eed42210) thrown at [C:\re\workspace\8-2-build-windows-amd64-cygwin\jdk8u211\12973\hotspot\src\share\vm\classfile\systemDictionary.cpp, line 210
Event: 14.832 Thread 0x0000000002d97000 Exception <a 'java/lang/ClassNotFoundException': org/springframework/context/annotation/ImportAwareCustomizer> (0x00000000eed57700) thrown at [C:\re\workspace\8-2-build-windows-amd64-cygwin\jdk8u211\12973\hotspot\src\share\vm\classfile\systemDictionary.cp
Event: 14.832 Thread 0x0000000002d97000 Exception <a 'java/lang/ClassNotFoundException': org/springframework/beans/factory/AwareCustomizer> (0x00000000eed6ae78) thrown at [C:\re\workspace\8-2-build-windows-amd64-cygwin\jdk8u211\12973\hotspot\src\share\vm\classfile\systemDictionary.cpp, line 210
Event: 14.833 Thread 0x0000000002d97000 Implicit null exception at 0x00000000037bc9cc to 0x00000000037bca41
Event: 15.561 Thread 0x0000000002d97000 Exception <a 'java/lang/NoSuchMethodError': java.lang.Object.lambda$and$0(Ljava/util/function/Predicate;Ljava/lang/Object;)Z> (0x00000000ebc97698) thrown at [C:\re\workspace\8-2-build-windows-amd64-cygwin\jdk8u211\12973\hotspot\src\share\vm\interpreter\li
Event: 20.179 Thread 0x0000000002d97000 Exception <a 'java/io/FileNotFoundException'> (0x00000000ec224fe8) thrown at [C:\re\workspace\8-2-build-windows-amd64-cygwin\jdk8u211\12973\hotspot\src\share\vm\prims\jni.cpp, line 710]
Event: 20.374 Thread 0x0000000002d97000 Implicit null exception at 0x00000000037ab37c to 0x00000000037acc09
Event: 20.375 Thread 0x0000000002d97000 Implicit null exception at 0x0000000003a09604 to 0x0000000003a09755
Event: 20.769 Thread 0x0000000002d97000 Exception <a 'java/io/FileNotFoundException'> (0x00000000ec9ce078) thrown at [C:\re\workspace\8-2-build-windows-amd64-cygwin\jdk8u211\12973\hotspot\src\share\vm\prims\jni.cpp, line 710]

Events (10 events):
Event: 20.810 loading class org/apache/naming/LocalStrings done
Event: 20.815 loading class org/apache/naming/LocalStrings_tr
Event: 20.815 loading class org/apache/naming/LocalStrings_tr done
Event: 20.818 loading class org/apache/naming/LocalStrings_tr_TR
Event: 20.818 loading class org/apache/naming/LocalStrings_tr_TR done
Event: 20.823 loading class org/apache/naming/ContextAccessController
Event: 20.823 loading class org/apache/naming/ContextAccessController done
Event: 20.829 Thread 0x0000000016d81800 Thread added: 0x0000000016d81800
Event: 20.851 loading class org/springframework/boot/jdbc/SchemaManagementProvider
Event: 20.851 loading class org/springframework/boot/jdbc/SchemaManagementProvider done


Dynamic libraries:
0x00007ff637a50000 - 0x00007ff637a87000 	C:\Program Files\Java\jdk1.8.0_211\bin\java.exe
0x00007ffdbca20000 - 0x00007ffdbcc10000 	C:\WINDOWS\SYSTEM32\ntdll.dll
0x00007ffdbbfa0000 - 0x00007ffdbc052000 	C:\WINDOWS\System32\KERNEL32.DLL
0x00007ffdb99b0000 - 0x00007ffdb9c53000 	C:\WINDOWS\System32\KERNELBASE.dll
0x00007ffdbadb0000 - 0x00007ffdbae53000 	C:\WINDOWS\System32\ADVAPI32.dll
0x00007ffdbb2c0000 - 0x00007ffdbb35e000 	C:\WINDOWS\System32\msvcrt.dll
0x00007ffdbaad0000 - 0x00007ffdbab67000 	C:\WINDOWS\System32\sechost.dll
0x00007ffdbbe80000 - 0x00007ffdbbfa0000 	C:\WINDOWS\System32\RPCRT4.dll
0x00007ffdbbce0000 - 0x00007ffdbbe74000 	C:\WINDOWS\System32\USER32.dll
0x00007ffdba400000 - 0x00007ffdba421000 	C:\WINDOWS\System32\win32u.dll
0x00007ffdbae60000 - 0x00007ffdbae86000 	C:\WINDOWS\System32\GDI32.dll
0x00007ffdba900000 - 0x00007ffdbaa94000 	C:\WINDOWS\System32\gdi32full.dll
0x00007ffdba5d0000 - 0x00007ffdba66e000 	C:\WINDOWS\System32\msvcp_win.dll
0x00007ffdba670000 - 0x00007ffdba76a000 	C:\WINDOWS\System32\ucrtbase.dll
0x00007ffdb9090000 - 0x00007ffdb9315000 	C:\WINDOWS\WinSxS\amd64_microsoft.windows.common-controls_6595b64144ccf1df_6.0.18362.418_none_e6c6b287130d565d\COMCTL32.dll
0x00007ffdbc1c0000 - 0x00007ffdbc4f6000 	C:\WINDOWS\System32\combase.dll
0x00007ffdba7d0000 - 0x00007ffdba850000 	C:\WINDOWS\System32\bcryptPrimitives.dll
0x00007ffdbabd0000 - 0x00007ffdbabfe000 	C:\WINDOWS\System32\IMM32.DLL
0x0000000057bd0000 - 0x0000000057ca2000 	C:\Program Files\Java\jdk1.8.0_211\jre\bin\msvcr100.dll
0x0000000057320000 - 0x0000000057bc5000 	C:\Program Files\Java\jdk1.8.0_211\jre\bin\server\jvm.dll
0x00007ffdbb360000 - 0x00007ffdbb368000 	C:\WINDOWS\System32\PSAPI.DLL
0x00007ffdb8020000 - 0x00007ffdb8029000 	C:\WINDOWS\SYSTEM32\WSOCK32.dll
0x00007ffdbc970000 - 0x00007ffdbc9df000 	C:\WINDOWS\System32\WS2_32.dll
0x00007ffdb69f0000 - 0x00007ffdb6a14000 	C:\WINDOWS\SYSTEM32\WINMM.dll
0x00007ffdac090000 - 0x00007ffdac09a000 	C:\WINDOWS\SYSTEM32\VERSION.dll
0x00007ffdb69c0000 - 0x00007ffdb69ed000 	C:\WINDOWS\SYSTEM32\WINMMBASE.dll
0x00007ffdba430000 - 0x00007ffdba47a000 	C:\WINDOWS\System32\cfgmgr32.dll
0x00007ffdb52a0000 - 0x00007ffdb52af000 	C:\Program Files\Java\jdk1.8.0_211\jre\bin\verify.dll
0x00007ffdabd80000 - 0x00007ffdabda9000 	C:\Program Files\Java\jdk1.8.0_211\jre\bin\java.dll
0x00007ffdadd00000 - 0x00007ffdadd23000 	C:\Program Files\Java\jdk1.8.0_211\jre\bin\instrument.dll
0x00007ffdb2870000 - 0x00007ffdb2886000 	C:\Program Files\Java\jdk1.8.0_211\jre\bin\zip.dll
0x00007ffdbb520000 - 0x00007ffdbbc05000 	C:\WINDOWS\System32\SHELL32.dll
0x00007ffdbad00000 - 0x00007ffdbada9000 	C:\WINDOWS\System32\shcore.dll
0x00007ffdb9c60000 - 0x00007ffdba3df000 	C:\WINDOWS\System32\windows.storage.dll
0x00007ffdb9900000 - 0x00007ffdb991f000 	C:\WINDOWS\System32\profapi.dll
0x00007ffdb9960000 - 0x00007ffdb99aa000 	C:\WINDOWS\System32\powrprof.dll
0x00007ffdb98f0000 - 0x00007ffdb9900000 	C:\WINDOWS\System32\UMPDC.dll
0x00007ffdbac30000 - 0x00007ffdbac82000 	C:\WINDOWS\System32\shlwapi.dll
0x00007ffdb9940000 - 0x00007ffdb9951000 	C:\WINDOWS\System32\kernel.appcore.dll
0x00007ffdba3e0000 - 0x00007ffdba3f7000 	C:\WINDOWS\System32\cryptsp.dll
0x00007ffdb29d0000 - 0x00007ffdb29ea000 	C:\Program Files\JetBrains\IntelliJ IDEA Community Edition 2019.1.1\bin\breakgen64.dll
0x00007ffdacd60000 - 0x00007ffdacd7a000 	C:\Program Files\Java\jdk1.8.0_211\jre\bin\net.dll
0x00007ffda9900000 - 0x00007ffda9ad6000 	C:\WINDOWS\SYSTEM32\urlmon.dll
0x00007ffda9c00000 - 0x00007ffda9ea6000 	C:\WINDOWS\SYSTEM32\iertutil.dll
0x00007ffdb8c10000 - 0x00007ffdb8c1c000 	C:\WINDOWS\SYSTEM32\CRYPTBASE.DLL
0x00007ffdb8a90000 - 0x00007ffdb8af7000 	C:\WINDOWS\system32\mswsock.dll
0x00007ffdb27b0000 - 0x00007ffdb27bd000 	C:\Program Files\Java\jdk1.8.0_211\jre\bin\management.dll
0x00007ffd84df0000 - 0x00007ffd84e06000 	C:\WINDOWS\system32\napinsp.dll
0x00007ffd84dd0000 - 0x00007ffd84dea000 	C:\WINDOWS\system32\pnrpnsp.dll
0x00007ffdb87f0000 - 0x00007ffdb88ba000 	C:\WINDOWS\SYSTEM32\DNSAPI.dll
0x00007ffdbac00000 - 0x00007ffdbac08000 	C:\WINDOWS\System32\NSI.dll
0x00007ffdb87b0000 - 0x00007ffdb87ea000 	C:\WINDOWS\SYSTEM32\IPHLPAPI.DLL
0x00007ffd95db0000 - 0x00007ffd95dbe000 	C:\WINDOWS\System32\winrnr.dll
0x00007ffdb5170000 - 0x00007ffdb518c000 	C:\WINDOWS\system32\NLAapi.dll
0x00007ffdb3fb0000 - 0x00007ffdb3fc5000 	C:\WINDOWS\system32\wshbth.dll
0x00007ffda76c0000 - 0x00007ffda76ca000 	C:\Windows\System32\rasadhlp.dll
0x00007ffdaafb0000 - 0x00007ffdab027000 	C:\WINDOWS\System32\fwpuclnt.dll
0x00007ffdbaaa0000 - 0x00007ffdbaac6000 	C:\WINDOWS\System32\bcrypt.dll
0x00007ffdabd30000 - 0x00007ffdabd42000 	C:\Program Files\Java\jdk1.8.0_211\jre\bin\nio.dll
0x00007ffdb8610000 - 0x00007ffdb8643000 	C:\WINDOWS\system32\rsaenh.dll
0x00007ffdb9810000 - 0x00007ffdb9835000 	C:\WINDOWS\SYSTEM32\USERENV.dll
0x00007ffdabfa0000 - 0x00007ffdabfb6000 	C:\WINDOWS\SYSTEM32\dhcpcsvc6.DLL
0x00007ffdabf70000 - 0x00007ffdabf8c000 	C:\WINDOWS\SYSTEM32\dhcpcsvc.DLL

VM Arguments:
jvm_args: -javaagent:C:\Program Files\JetBrains\IntelliJ IDEA Community Edition 2019.1.1\lib\idea_rt.jar=52949:C:\Program Files\JetBrains\IntelliJ IDEA Community Edition 2019.1.1\bin -Dfile.encoding=UTF-8 
java_command: com.uzeyir.booksales.BookSalesApplication
java_class_path (initial): C:\Program Files\Java\jdk1.8.0_211\jre\lib\charsets.jar;C:\Program Files\Java\jdk1.8.0_211\jre\lib\deploy.jar;C:\Program Files\Java\jdk1.8.0_211\jre\lib\ext\access-bridge-64.jar;C:\Program Files\Java\jdk1.8.0_211\jre\lib\ext\cldrdata.jar;C:\Program Files\Java\jdk1.8.0_211\jre\lib\ext\dnsns.jar;C:\Program Files\Java\jdk1.8.0_211\jre\lib\ext\jaccess.jar;C:\Program Files\Java\jdk1.8.0_211\jre\lib\ext\jfxrt.jar;C:\Program Files\Java\jdk1.8.0_211\jre\lib\ext\localedata.jar;C:\Program Files\Java\jdk1.8.0_211\jre\lib\ext\nashorn.jar;C:\Program Files\Java\jdk1.8.0_211\jre\lib\ext\sunec.jar;C:\Program Files\Java\jdk1.8.0_211\jre\lib\ext\sunjce_provider.jar;C:\Program Files\Java\jdk1.8.0_211\jre\lib\ext\sunmscapi.jar;C:\Program Files\Java\jdk1.8.0_211\jre\lib\ext\sunpkcs11.jar;C:\Program Files\Java\jdk1.8.0_211\jre\lib\ext\zipfs.jar;C:\Program Files\Java\jdk1.8.0_211\jre\lib\javaws.jar;C:\Program Files\Java\jdk1.8.0_211\jre\lib\jce.jar;C:\Program Files\Java\jdk1.8.0_211\jre\lib\jfr.jar;C:\Program Files\Java\jdk1.8.0_211\jre\lib\jfxswt.jar;C:\Program Files\Java\jdk1.8.0_211\jre\lib\jsse.jar;C:\Program Files\Java\jdk1.8.0_211\jre\lib\management-agent.jar;C:\Program Files\Java\jdk1.8.0_211\jre\lib\plugin.jar;C:\Program Files\Java\jdk1.8.0_211\jre\lib\resources.jar;C:\Program Files\Java\jdk1.8.0_211\jre\lib\rt.jar;C:\projeler\kitapsatis\target\classes;C:\Users\utaly\.m2\repository\org\springframework\boot\spring-boot-starter-data-jpa\2.1.9.RELEASE\spring-boot-starter-data-jpa-2.1.9.RELEASE.jar;C:\Users\utaly\.m2\repository\org\springframework\boot\spring-boot-starter-aop\2.1.9.RELEASE\spring-boot-starter-aop-2.1.9.RELEASE.jar;C:\Users\utaly\.m2\repository\org\springframework\spring-aop\5.1.10.RELEASE\spring-aop-5.1.10.RELEASE.jar;C:\Users\utaly\.m2\repository\org\aspectj\aspectjweaver\1.9.4\aspectjweaver-1.9.4.jar;C:\Users\utaly\.m2\repository\org\springframework\boot\spring-boot-starter-jdbc\2.1.9.RELEASE\spring-boot-starter-jdbc-2.1.9.RELEASE.jar;C:
Launcher Type: SUN_STANDARD

Environment Variables:
JAVA_HOME=C:\Program Files\Android\Jdk\microsoft_dist_openjdk_1.8.0.25
PATH=C:\ProgramData\DockerDesktop\version-bin;C:\Program Files\Docker\Docker\Resources\bin;C:\Program Files (x86)\Common Files\Oracle\Java\javapath;C:\WINDOWS\system32;C:\WINDOWS;C:\WINDOWS\System32\Wbem;C:\WINDOWS\System32\WindowsPowerShell\v1.0\;C:\Program Files\dotnet\;C:\Program Files\Microsoft SQL Server\130\Tools\Binn\;C:\Program Files\Microsoft SQL Server\Client SDK\ODBC\170\Tools\Binn\;C:\WINDOWS\System32\OpenSSH\;C:\Program Files\Git\cmd;C:\Users\utaly\AppData\Local\Microsoft\WindowsApps;C:\Users\utaly\AppData\Local\Programs\Microsoft VS Code\bin;C:\src\flutter\bin;C:\apps\maven\apache-maven-3.6.2\bin;
USERNAME=utaly
OS=Windows_NT
PROCESSOR_IDENTIFIER=Intel64 Family 6 Model 78 Stepping 3, GenuineIntel



---------------  S Y S T E M  ---------------

OS: Windows 10.0 , 64 bit Build 18362 (10.0.18362.329)

CPU:total 4 (initial active 4) (2 cores per cpu, 2 threads per core) family 6 model 78 stepping 3, cmov, cx8, fxsr, mmx, sse, sse2, sse3, ssse3, sse4.1, sse4.2, popcnt, avx, avx2, aes, clmul, erms, 3dnowpref, lzcnt, ht, tsc, tscinvbit, bmi1, bmi2, adx

Memory: 4k page, physical 3983416k(289892k free), swap 16042040k(5224k free)

vm_info: Java HotSpot(TM) 64-Bit Server VM (25.211-b12) for windows-amd64 JRE (1.8.0_211-b12), built on Apr  1 2019 20:53:26 by "java_re" with MS VC++ 10.0 (VS2010)

time: Fri Nov 01 22:25:59 2019
timezone: Türkiye Standart Saati
elapsed time: 20 seconds (0d 0h 0m 20s)

